<?xml version="1.0" encoding="UTF-8"?>
<!-- Generated by org.testng.reporters.JUnitReportReporter -->
<testsuite hostname="RK-CDAPITANON" failures="0" tests="3" name="com.platform.stg.testcases.Login" time="14.133" errors="0" timestamp="2023-03-30T20:30:08 PST" skipped="0">
  <testcase classname="com.platform.stg.testcases.Login" name="testBookAppointmentOne" time="4.661"/>
  <system-out/>
  <testcase classname="com.platform.stg.testcases.Login" name="testBookAppointmentTwo" time="5.282"/>
  <system-out/>
  <testcase classname="com.platform.stg.testcases.Login" name="testBookAppointmentThree" time="4.190"/>
  <system-out/>
</testsuite> <!-- com.platform.stg.testcases.Login -->
