<?xml version="1.0" encoding="UTF-8"?>
<!-- Generated by org.testng.reporters.JUnitReportReporter -->
<testsuite hostname="RK-CDAPITANON" failures="0" tests="1" name="com.platform.stg.testcases.Login" time="14.365" errors="0" timestamp="2023-03-24T11:53:15 PST" skipped="0">
  <testcase classname="com.platform.stg.testcases.Login" name="testBookAppointment" time="14.365"/>
  <system-out/>
</testsuite> <!-- com.platform.stg.testcases.Login -->
