<?xml version="1.0" encoding="UTF-8"?>
<!-- Generated by org.testng.reporters.JUnitReportReporter -->
<testsuite hostname="RK-CDAPITANON" failures="0" tests="2" name="com.platform.stg.testcases.Login" time="3.917" errors="0" timestamp="2023-03-30T17:24:26 PST" skipped="0">
  <testcase classname="com.platform.stg.testcases.Login" name="testBookAppointmentOne" time="2.681"/>
  <system-out/>
  <testcase classname="com.platform.stg.testcases.Login" name="testBookAppointmentTwo" time="1.236"/>
  <system-out/>
</testsuite> <!-- com.platform.stg.testcases.Login -->
